2020-08-04 16:25:28,379 {yyyy-MM-dd HH:mm:ss} INFO  UsersRestAPI:41 - **************Started TC001_Get_Users_Notification***************
2020-08-04 16:25:33,442 {yyyy-MM-dd HH:mm:ss} INFO  UsersRestAPI:41 - **************Checking Response Body**************
2020-08-04 16:25:33,460 {yyyy-MM-dd HH:mm:ss} INFO  UsersRestAPI:46 - Response Body==>[{"userId":"Admin123","notificationId":"13333ace-b8bd-4319-a45a-22e9545f29c9","notificationStatus":"True","shortDesc":"Get Notification User for Taxi","longDesc":"Get Notification User for Taxi and Booking Ride","createdBy":"Pbhosale","createdOn":"2020-08-04T10:53:50.677Z"}]
2020-08-04 16:25:33,539 {yyyy-MM-dd HH:mm:ss} INFO  UsersRestAPI:102 - **************Checking Status Code**************
2020-08-04 16:25:33,539 {yyyy-MM-dd HH:mm:ss} INFO  UsersRestAPI:105 - Status Code==>200
2020-08-04 16:25:33,540 {yyyy-MM-dd HH:mm:ss} INFO  UsersRestAPI:172 - **************Checking Status Line**************
2020-08-04 16:25:33,540 {yyyy-MM-dd HH:mm:ss} INFO  UsersRestAPI:175 - Status line==>HTTP/1.1 200 
2020-08-04 16:25:33,540 {yyyy-MM-dd HH:mm:ss} INFO  UsersRestAPI:208 - **************Checking Content Type**************
2020-08-04 16:25:33,541 {yyyy-MM-dd HH:mm:ss} INFO  UsersRestAPI:211 - Content Type==>application/json
2020-08-04 16:25:33,541 {yyyy-MM-dd HH:mm:ss} INFO  UsersRestAPI:279 - **************Checking Server Date Time**************
2020-08-04 16:25:33,544 {yyyy-MM-dd HH:mm:ss} INFO  UsersRestAPI:282 - Server Response Time==>0
2020-08-04 16:25:33,546 {yyyy-MM-dd HH:mm:ss} INFO  UsersRestAPI:67 - ***************Finished TC001_GET_List_USERS************************
2020-08-04 16:25:33,550 {yyyy-MM-dd HH:mm:ss} INFO  UsersRestAPI:37 - **************Started TC002_POST_Request_ALL_Users***************
2020-08-04 16:25:33,639 {yyyy-MM-dd HH:mm:ss} INFO  UsersRestAPI:41 - **************Checking Response Body**************
2020-08-04 16:25:33,640 {yyyy-MM-dd HH:mm:ss} INFO  UsersRestAPI:46 - Response Body==>Notification successfully saved into table
2020-08-04 16:25:33,640 {yyyy-MM-dd HH:mm:ss} INFO  UsersRestAPI:102 - **************Checking Status Code**************
2020-08-04 16:25:33,642 {yyyy-MM-dd HH:mm:ss} INFO  UsersRestAPI:105 - Status Code==>200
2020-08-04 16:25:33,642 {yyyy-MM-dd HH:mm:ss} INFO  UsersRestAPI:157 - **************Checking Response Time**************
2020-08-04 16:25:33,642 {yyyy-MM-dd HH:mm:ss} INFO  UsersRestAPI:160 - Response Time==>76
2020-08-04 16:25:33,642 {yyyy-MM-dd HH:mm:ss} INFO  UsersRestAPI:172 - **************Checking Status Line**************
2020-08-04 16:25:33,642 {yyyy-MM-dd HH:mm:ss} INFO  UsersRestAPI:175 - Status line==>HTTP/1.1 200 
2020-08-04 16:25:33,643 {yyyy-MM-dd HH:mm:ss} INFO  UsersRestAPI:208 - **************Checking Content Type**************
2020-08-04 16:25:33,643 {yyyy-MM-dd HH:mm:ss} INFO  UsersRestAPI:211 - Content Type==>text/plain;charset=UTF-8
2020-08-04 16:25:33,643 {yyyy-MM-dd HH:mm:ss} INFO  UsersRestAPI:279 - **************Checking Server Date Time**************
2020-08-04 16:25:33,643 {yyyy-MM-dd HH:mm:ss} INFO  UsersRestAPI:282 - Server Response Time==>0
2020-08-04 16:25:33,645 {yyyy-MM-dd HH:mm:ss} INFO  UsersRestAPI:67 - ***************Finished TC001_GET_List_USERS************************
2020-08-04 16:25:33,648 {yyyy-MM-dd HH:mm:ss} INFO  UsersRestAPI:29 - **************Started TC003_PUT_Request_ALL_Users***************
2020-08-04 16:25:33,702 {yyyy-MM-dd HH:mm:ss} INFO  UsersRestAPI:41 - **************Checking Response Body**************
2020-08-04 16:25:33,703 {yyyy-MM-dd HH:mm:ss} INFO  UsersRestAPI:46 - Response Body==>Notification successfully saved into table
2020-08-04 16:25:33,704 {yyyy-MM-dd HH:mm:ss} INFO  UsersRestAPI:102 - **************Checking Status Code**************
2020-08-04 16:25:33,704 {yyyy-MM-dd HH:mm:ss} INFO  UsersRestAPI:105 - Status Code==>200
2020-08-04 16:25:33,704 {yyyy-MM-dd HH:mm:ss} INFO  UsersRestAPI:157 - **************Checking Response Time**************
2020-08-04 16:25:33,705 {yyyy-MM-dd HH:mm:ss} INFO  UsersRestAPI:160 - Response Time==>47
2020-08-04 16:25:33,705 {yyyy-MM-dd HH:mm:ss} INFO  UsersRestAPI:172 - **************Checking Status Line**************
2020-08-04 16:25:33,705 {yyyy-MM-dd HH:mm:ss} INFO  UsersRestAPI:175 - Status line==>HTTP/1.1 200 
2020-08-04 16:25:33,705 {yyyy-MM-dd HH:mm:ss} INFO  UsersRestAPI:208 - **************Checking Content Type**************
2020-08-04 16:25:33,706 {yyyy-MM-dd HH:mm:ss} INFO  UsersRestAPI:211 - Content Type==>text/plain;charset=UTF-8
2020-08-04 16:25:33,706 {yyyy-MM-dd HH:mm:ss} INFO  UsersRestAPI:279 - **************Checking Server Date Time**************
2020-08-04 16:25:33,706 {yyyy-MM-dd HH:mm:ss} INFO  UsersRestAPI:282 - Server Response Time==>0
2020-08-04 16:25:33,709 {yyyy-MM-dd HH:mm:ss} INFO  UsersRestAPI:67 - ***************Finished TC001_GET_List_USERS************************
2020-08-04 16:32:28,228 {yyyy-MM-dd HH:mm:ss} INFO  UsersRestAPI:41 - **************Started TC001_Get_Users_Notification***************
2020-08-04 16:32:33,519 {yyyy-MM-dd HH:mm:ss} INFO  UsersRestAPI:41 - **************Checking Response Body**************
2020-08-04 16:32:33,541 {yyyy-MM-dd HH:mm:ss} INFO  UsersRestAPI:46 - Response Body==>[{"userId":"Admin123","notificationId":"13333ace-b8bd-4319-a45a-22e9545f29c9","notificationStatus":"True","shortDesc":"Get Notification User for Taxi","longDesc":"Get Notification User for Taxi and Booking Ride","createdBy":"Pbhosale","createdOn":"2020-08-04T10:55:33.668Z"}]
2020-08-04 16:32:33,622 {yyyy-MM-dd HH:mm:ss} INFO  UsersRestAPI:102 - **************Checking Status Code**************
2020-08-04 16:32:33,623 {yyyy-MM-dd HH:mm:ss} INFO  UsersRestAPI:105 - Status Code==>200
2020-08-04 16:32:33,623 {yyyy-MM-dd HH:mm:ss} INFO  UsersRestAPI:172 - **************Checking Status Line**************
2020-08-04 16:32:33,623 {yyyy-MM-dd HH:mm:ss} INFO  UsersRestAPI:175 - Status line==>HTTP/1.1 200 
2020-08-04 16:32:33,623 {yyyy-MM-dd HH:mm:ss} INFO  UsersRestAPI:208 - **************Checking Content Type**************
2020-08-04 16:32:33,624 {yyyy-MM-dd HH:mm:ss} INFO  UsersRestAPI:211 - Content Type==>application/json
2020-08-04 16:32:33,624 {yyyy-MM-dd HH:mm:ss} INFO  UsersRestAPI:279 - **************Checking Server Date Time**************
2020-08-04 16:32:33,626 {yyyy-MM-dd HH:mm:ss} INFO  UsersRestAPI:282 - Server Response Time==>0
2020-08-04 16:32:33,629 {yyyy-MM-dd HH:mm:ss} INFO  UsersRestAPI:67 - ***************Finished TC001_GET_USER_NOTIFICATION************************
2020-08-04 16:32:33,633 {yyyy-MM-dd HH:mm:ss} INFO  UsersRestAPI:37 - **************Started TC002_POST_Request_ALL_Users***************
2020-08-04 16:32:33,718 {yyyy-MM-dd HH:mm:ss} INFO  UsersRestAPI:41 - **************Checking Response Body**************
2020-08-04 16:32:33,719 {yyyy-MM-dd HH:mm:ss} INFO  UsersRestAPI:46 - Response Body==>Notification successfully saved into table
2020-08-04 16:32:33,719 {yyyy-MM-dd HH:mm:ss} INFO  UsersRestAPI:102 - **************Checking Status Code**************
2020-08-04 16:32:33,726 {yyyy-MM-dd HH:mm:ss} INFO  UsersRestAPI:105 - Status Code==>200
2020-08-04 16:32:33,726 {yyyy-MM-dd HH:mm:ss} INFO  UsersRestAPI:157 - **************Checking Response Time**************
2020-08-04 16:32:33,726 {yyyy-MM-dd HH:mm:ss} INFO  UsersRestAPI:160 - Response Time==>72
2020-08-04 16:32:33,726 {yyyy-MM-dd HH:mm:ss} INFO  UsersRestAPI:172 - **************Checking Status Line**************
2020-08-04 16:32:33,726 {yyyy-MM-dd HH:mm:ss} INFO  UsersRestAPI:175 - Status line==>HTTP/1.1 200 
2020-08-04 16:32:33,726 {yyyy-MM-dd HH:mm:ss} INFO  UsersRestAPI:208 - **************Checking Content Type**************
2020-08-04 16:32:33,727 {yyyy-MM-dd HH:mm:ss} INFO  UsersRestAPI:211 - Content Type==>text/plain;charset=UTF-8
2020-08-04 16:32:33,727 {yyyy-MM-dd HH:mm:ss} INFO  UsersRestAPI:279 - **************Checking Server Date Time**************
2020-08-04 16:32:33,727 {yyyy-MM-dd HH:mm:ss} INFO  UsersRestAPI:282 - Server Response Time==>0
2020-08-04 16:32:33,728 {yyyy-MM-dd HH:mm:ss} INFO  UsersRestAPI:67 - ***************Finished TC001_GET_USER_NOTIFICATION************************
2020-08-04 16:32:33,731 {yyyy-MM-dd HH:mm:ss} INFO  UsersRestAPI:29 - **************Started TC003_PUT_Request_ALL_Users***************
2020-08-04 16:32:33,789 {yyyy-MM-dd HH:mm:ss} INFO  UsersRestAPI:41 - **************Checking Response Body**************
2020-08-04 16:32:33,790 {yyyy-MM-dd HH:mm:ss} INFO  UsersRestAPI:46 - Response Body==>Notification successfully saved into table
2020-08-04 16:32:33,790 {yyyy-MM-dd HH:mm:ss} INFO  UsersRestAPI:102 - **************Checking Status Code**************
2020-08-04 16:32:33,790 {yyyy-MM-dd HH:mm:ss} INFO  UsersRestAPI:105 - Status Code==>200
2020-08-04 16:32:33,790 {yyyy-MM-dd HH:mm:ss} INFO  UsersRestAPI:157 - **************Checking Response Time**************
2020-08-04 16:32:33,791 {yyyy-MM-dd HH:mm:ss} INFO  UsersRestAPI:160 - Response Time==>50
2020-08-04 16:32:33,791 {yyyy-MM-dd HH:mm:ss} INFO  UsersRestAPI:172 - **************Checking Status Line**************
2020-08-04 16:32:33,791 {yyyy-MM-dd HH:mm:ss} INFO  UsersRestAPI:175 - Status line==>HTTP/1.1 200 
2020-08-04 16:32:33,792 {yyyy-MM-dd HH:mm:ss} INFO  UsersRestAPI:208 - **************Checking Content Type**************
2020-08-04 16:32:33,792 {yyyy-MM-dd HH:mm:ss} INFO  UsersRestAPI:211 - Content Type==>text/plain;charset=UTF-8
2020-08-04 16:32:33,792 {yyyy-MM-dd HH:mm:ss} INFO  UsersRestAPI:279 - **************Checking Server Date Time**************
2020-08-04 16:32:33,792 {yyyy-MM-dd HH:mm:ss} INFO  UsersRestAPI:282 - Server Response Time==>0
2020-08-04 16:32:33,794 {yyyy-MM-dd HH:mm:ss} INFO  UsersRestAPI:67 - ***************Finished TC001_GET_USER_NOTIFICATION************************
2020-08-04 16:32:33,803 {yyyy-MM-dd HH:mm:ss} INFO  UsersRestAPI:37 - **************Started TC002_POST_Request_ALL_Users***************
2020-08-04 16:32:33,850 {yyyy-MM-dd HH:mm:ss} INFO  UsersRestAPI:41 - **************Checking Response Body**************
2020-08-04 16:32:33,850 {yyyy-MM-dd HH:mm:ss} INFO  UsersRestAPI:46 - Response Body==>Notification successfully saved into table
2020-08-04 16:32:33,851 {yyyy-MM-dd HH:mm:ss} INFO  UsersRestAPI:102 - **************Checking Status Code**************
2020-08-04 16:32:33,851 {yyyy-MM-dd HH:mm:ss} INFO  UsersRestAPI:105 - Status Code==>200
2020-08-04 16:32:33,851 {yyyy-MM-dd HH:mm:ss} INFO  UsersRestAPI:157 - **************Checking Response Time**************
2020-08-04 16:32:33,851 {yyyy-MM-dd HH:mm:ss} INFO  UsersRestAPI:160 - Response Time==>40
2020-08-04 16:32:33,851 {yyyy-MM-dd HH:mm:ss} INFO  UsersRestAPI:172 - **************Checking Status Line**************
2020-08-04 16:32:33,851 {yyyy-MM-dd HH:mm:ss} INFO  UsersRestAPI:175 - Status line==>HTTP/1.1 200 
2020-08-04 16:32:33,851 {yyyy-MM-dd HH:mm:ss} INFO  UsersRestAPI:208 - **************Checking Content Type**************
2020-08-04 16:32:33,852 {yyyy-MM-dd HH:mm:ss} INFO  UsersRestAPI:211 - Content Type==>text/plain;charset=UTF-8
2020-08-04 16:32:33,852 {yyyy-MM-dd HH:mm:ss} INFO  UsersRestAPI:279 - **************Checking Server Date Time**************
2020-08-04 16:32:33,852 {yyyy-MM-dd HH:mm:ss} INFO  UsersRestAPI:282 - Server Response Time==>0
2020-08-04 16:32:33,854 {yyyy-MM-dd HH:mm:ss} INFO  UsersRestAPI:66 - ***************Finished TC002_POST_USERS_NOTIFICATION************************
2020-08-04 16:32:33,861 {yyyy-MM-dd HH:mm:ss} INFO  UsersRestAPI:37 - **************Started TC002_POST_Request_ALL_Users***************
2020-08-04 16:32:33,910 {yyyy-MM-dd HH:mm:ss} INFO  UsersRestAPI:41 - **************Checking Response Body**************
2020-08-04 16:32:33,911 {yyyy-MM-dd HH:mm:ss} INFO  UsersRestAPI:46 - Response Body==>Notification successfully saved into table
2020-08-04 16:32:33,911 {yyyy-MM-dd HH:mm:ss} INFO  UsersRestAPI:102 - **************Checking Status Code**************
2020-08-04 16:32:33,911 {yyyy-MM-dd HH:mm:ss} INFO  UsersRestAPI:105 - Status Code==>200
2020-08-04 16:32:33,911 {yyyy-MM-dd HH:mm:ss} INFO  UsersRestAPI:157 - **************Checking Response Time**************
2020-08-04 16:32:33,912 {yyyy-MM-dd HH:mm:ss} INFO  UsersRestAPI:160 - Response Time==>44
2020-08-04 16:32:33,912 {yyyy-MM-dd HH:mm:ss} INFO  UsersRestAPI:172 - **************Checking Status Line**************
2020-08-04 16:32:33,912 {yyyy-MM-dd HH:mm:ss} INFO  UsersRestAPI:175 - Status line==>HTTP/1.1 200 
2020-08-04 16:32:33,912 {yyyy-MM-dd HH:mm:ss} INFO  UsersRestAPI:208 - **************Checking Content Type**************
2020-08-04 16:32:33,913 {yyyy-MM-dd HH:mm:ss} INFO  UsersRestAPI:211 - Content Type==>text/plain;charset=UTF-8
2020-08-04 16:32:33,913 {yyyy-MM-dd HH:mm:ss} INFO  UsersRestAPI:279 - **************Checking Server Date Time**************
2020-08-04 16:32:33,913 {yyyy-MM-dd HH:mm:ss} INFO  UsersRestAPI:282 - Server Response Time==>0
2020-08-04 16:32:33,914 {yyyy-MM-dd HH:mm:ss} INFO  UsersRestAPI:58 - ***************Finished TC003_PUT_USERS_NOTIFICATION************************
2020-08-04 16:32:33,916 {yyyy-MM-dd HH:mm:ss} INFO  UsersRestAPI:29 - **************Started TC003_PUT_Request_ALL_Users***************
2020-08-04 16:32:33,969 {yyyy-MM-dd HH:mm:ss} INFO  UsersRestAPI:41 - **************Checking Response Body**************
2020-08-04 16:32:33,970 {yyyy-MM-dd HH:mm:ss} INFO  UsersRestAPI:46 - Response Body==>Notification successfully saved into table
2020-08-04 16:32:33,970 {yyyy-MM-dd HH:mm:ss} INFO  UsersRestAPI:102 - **************Checking Status Code**************
2020-08-04 16:32:33,970 {yyyy-MM-dd HH:mm:ss} INFO  UsersRestAPI:105 - Status Code==>200
2020-08-04 16:32:33,970 {yyyy-MM-dd HH:mm:ss} INFO  UsersRestAPI:157 - **************Checking Response Time**************
2020-08-04 16:32:33,970 {yyyy-MM-dd HH:mm:ss} INFO  UsersRestAPI:160 - Response Time==>46
2020-08-04 16:32:33,970 {yyyy-MM-dd HH:mm:ss} INFO  UsersRestAPI:172 - **************Checking Status Line**************
2020-08-04 16:32:33,971 {yyyy-MM-dd HH:mm:ss} INFO  UsersRestAPI:175 - Status line==>HTTP/1.1 200 
2020-08-04 16:32:33,971 {yyyy-MM-dd HH:mm:ss} INFO  UsersRestAPI:208 - **************Checking Content Type**************
2020-08-04 16:32:33,971 {yyyy-MM-dd HH:mm:ss} INFO  UsersRestAPI:211 - Content Type==>text/plain;charset=UTF-8
2020-08-04 16:32:33,971 {yyyy-MM-dd HH:mm:ss} INFO  UsersRestAPI:279 - **************Checking Server Date Time**************
2020-08-04 16:32:33,971 {yyyy-MM-dd HH:mm:ss} INFO  UsersRestAPI:282 - Server Response Time==>0
2020-08-04 16:32:33,973 {yyyy-MM-dd HH:mm:ss} INFO  UsersRestAPI:58 - ***************Finished TC003_PUT_USERS_NOTIFICATION************************
2020-08-04 16:35:14,053 {yyyy-MM-dd HH:mm:ss} INFO  UsersRestAPI:41 - **************Started TC001_Get_Users_Notification***************
2020-08-04 16:35:19,815 {yyyy-MM-dd HH:mm:ss} INFO  UsersRestAPI:41 - **************Checking Response Body**************
2020-08-04 16:35:19,835 {yyyy-MM-dd HH:mm:ss} INFO  UsersRestAPI:46 - Response Body==>[{"userId":"Admin123","notificationId":"13333ace-b8bd-4319-a45a-22e9545f29c9","notificationStatus":"True","shortDesc":"Get Notification User for Taxi","longDesc":"Get Notification User for Taxi and Booking Ride","createdBy":"Pbhosale","createdOn":"2020-08-04T11:02:33.932Z"}]
2020-08-04 16:35:19,912 {yyyy-MM-dd HH:mm:ss} INFO  UsersRestAPI:102 - **************Checking Status Code**************
2020-08-04 16:35:19,912 {yyyy-MM-dd HH:mm:ss} INFO  UsersRestAPI:105 - Status Code==>200
2020-08-04 16:35:19,913 {yyyy-MM-dd HH:mm:ss} INFO  UsersRestAPI:172 - **************Checking Status Line**************
2020-08-04 16:35:19,913 {yyyy-MM-dd HH:mm:ss} INFO  UsersRestAPI:175 - Status line==>HTTP/1.1 200 
2020-08-04 16:35:19,913 {yyyy-MM-dd HH:mm:ss} INFO  UsersRestAPI:208 - **************Checking Content Type**************
2020-08-04 16:35:19,913 {yyyy-MM-dd HH:mm:ss} INFO  UsersRestAPI:211 - Content Type==>application/json
2020-08-04 16:35:19,913 {yyyy-MM-dd HH:mm:ss} INFO  UsersRestAPI:279 - **************Checking Server Date Time**************
2020-08-04 16:35:19,916 {yyyy-MM-dd HH:mm:ss} INFO  UsersRestAPI:282 - Server Response Time==>0
2020-08-04 16:35:19,919 {yyyy-MM-dd HH:mm:ss} INFO  UsersRestAPI:67 - ***************Finished TC001_GET_USER_NOTIFICATION************************
2020-08-04 16:35:19,929 {yyyy-MM-dd HH:mm:ss} INFO  UsersRestAPI:37 - **************Started TC002_POST_Request_Users_NOTIFICATION***************
2020-08-04 16:35:20,013 {yyyy-MM-dd HH:mm:ss} INFO  UsersRestAPI:41 - **************Checking Response Body**************
2020-08-04 16:35:20,013 {yyyy-MM-dd HH:mm:ss} INFO  UsersRestAPI:46 - Response Body==>Notification successfully saved into table
2020-08-04 16:35:20,013 {yyyy-MM-dd HH:mm:ss} INFO  UsersRestAPI:102 - **************Checking Status Code**************
2020-08-04 16:35:20,014 {yyyy-MM-dd HH:mm:ss} INFO  UsersRestAPI:105 - Status Code==>200
2020-08-04 16:35:20,015 {yyyy-MM-dd HH:mm:ss} INFO  UsersRestAPI:157 - **************Checking Response Time**************
2020-08-04 16:35:20,015 {yyyy-MM-dd HH:mm:ss} INFO  UsersRestAPI:160 - Response Time==>71
2020-08-04 16:35:20,015 {yyyy-MM-dd HH:mm:ss} INFO  UsersRestAPI:172 - **************Checking Status Line**************
2020-08-04 16:35:20,015 {yyyy-MM-dd HH:mm:ss} INFO  UsersRestAPI:175 - Status line==>HTTP/1.1 200 
2020-08-04 16:35:20,015 {yyyy-MM-dd HH:mm:ss} INFO  UsersRestAPI:208 - **************Checking Content Type**************
2020-08-04 16:35:20,016 {yyyy-MM-dd HH:mm:ss} INFO  UsersRestAPI:211 - Content Type==>text/plain;charset=UTF-8
2020-08-04 16:35:20,016 {yyyy-MM-dd HH:mm:ss} INFO  UsersRestAPI:279 - **************Checking Server Date Time**************
2020-08-04 16:35:20,016 {yyyy-MM-dd HH:mm:ss} INFO  UsersRestAPI:282 - Server Response Time==>0
2020-08-04 16:35:20,018 {yyyy-MM-dd HH:mm:ss} INFO  UsersRestAPI:66 - ***************Finished TC002_POST_USERS_NOTIFICATION************************
2020-08-04 16:35:20,025 {yyyy-MM-dd HH:mm:ss} INFO  UsersRestAPI:29 - **************Started TC003_PUT_Request_ALL_Users***************
2020-08-04 16:35:20,073 {yyyy-MM-dd HH:mm:ss} INFO  UsersRestAPI:41 - **************Checking Response Body**************
2020-08-04 16:35:20,074 {yyyy-MM-dd HH:mm:ss} INFO  UsersRestAPI:46 - Response Body==>Notification successfully saved into table
2020-08-04 16:35:20,074 {yyyy-MM-dd HH:mm:ss} INFO  UsersRestAPI:102 - **************Checking Status Code**************
2020-08-04 16:35:20,074 {yyyy-MM-dd HH:mm:ss} INFO  UsersRestAPI:105 - Status Code==>200
2020-08-04 16:35:20,075 {yyyy-MM-dd HH:mm:ss} INFO  UsersRestAPI:157 - **************Checking Response Time**************
2020-08-04 16:35:20,075 {yyyy-MM-dd HH:mm:ss} INFO  UsersRestAPI:160 - Response Time==>41
2020-08-04 16:35:20,075 {yyyy-MM-dd HH:mm:ss} INFO  UsersRestAPI:172 - **************Checking Status Line**************
2020-08-04 16:35:20,075 {yyyy-MM-dd HH:mm:ss} INFO  UsersRestAPI:175 - Status line==>HTTP/1.1 200 
2020-08-04 16:35:20,075 {yyyy-MM-dd HH:mm:ss} INFO  UsersRestAPI:208 - **************Checking Content Type**************
2020-08-04 16:35:20,076 {yyyy-MM-dd HH:mm:ss} INFO  UsersRestAPI:211 - Content Type==>text/plain;charset=UTF-8
2020-08-04 16:35:20,076 {yyyy-MM-dd HH:mm:ss} INFO  UsersRestAPI:279 - **************Checking Server Date Time**************
2020-08-04 16:35:20,076 {yyyy-MM-dd HH:mm:ss} INFO  UsersRestAPI:282 - Server Response Time==>0
2020-08-04 16:35:20,078 {yyyy-MM-dd HH:mm:ss} INFO  UsersRestAPI:58 - ***************Finished TC003_PUT_USERS_NOTIFICATION************************
